2025-11-12T12:15:04.806006-0600 - INFO - RUN_20251112_121504 - startup - Script iniciado correctamente, procediendo a solicitar ruta al usuario...
2025-11-12T12:15:37.613520-0600 - INFO - RUN_20251112_121504 - check_path - La ruta es un directorio, procediendo a checar hashes de carpeta...
2025-11-12T12:15:37.614541-0600 - INFO - RUN_20251112_121504 - no_existing_hashes - No existe registro previo de hashes, creando...
2025-11-12T12:15:38.825582-0600 - INFO - RUN_20251112_121504 - hashes_created - Hashes creados y guardados exitosamente, terminando ejecución.
2025-11-19T16:35:28.500371-0600 - INFO - RUN_20251119_163528 - startup - Script iniciado correctamente, procediendo a solicitar ruta al usuario...
2025-11-19T16:35:34.220518-0600 - ERROR - RUN_20251119_163528 - invalid_path - La ruta proporcionada no existe.
2025-11-19T16:36:16.151182-0600 - INFO - RUN_20251119_163616 - startup - Script iniciado correctamente, procediendo a solicitar ruta al usuario...
2025-11-19T16:36:22.703422-0600 - ERROR - RUN_20251119_163616 - invalid_path - La ruta proporcionada no existe.
2025-11-19T16:36:31.467680-0600 - INFO - RUN_20251119_163631 - startup - Script iniciado correctamente, procediendo a solicitar ruta al usuario...
2025-11-19T16:36:35.519115-0600 - INFO - RUN_20251119_163631 - check_path - La ruta es un directorio, procediendo a checar hashes de carpeta...
2025-11-19T16:36:35.519451-0600 - INFO - RUN_20251119_163631 - no_existing_hashes - No existe registro previo de hashes, creando...
2025-11-19T16:36:36.202824-0600 - INFO - RUN_20251119_163631 - hashes_created - Hashes creados y guardados exitosamente, terminando ejecución.
2025-11-19T16:36:55.452927-0600 - INFO - RUN_20251119_163655 - startup - Script iniciado correctamente, procediendo a solicitar ruta al usuario...
2025-11-19T16:37:02.269907-0600 - INFO - RUN_20251119_163655 - check_path - La ruta es un directorio, procediendo a checar hashes de carpeta...
2025-11-19T16:37:02.270232-0600 - INFO - RUN_20251119_163655 - no_existing_hashes - No existe registro previo de hashes, creando...
2025-11-19T16:37:02.838241-0600 - INFO - RUN_20251119_163655 - hashes_created - Hashes creados y guardados exitosamente, terminando ejecución.
2025-11-19T16:44:42.896005-0600 - INFO - RUN_20251119_164442 - startup - Script iniciado correctamente, procediendo a solicitar ruta al usuario...
2025-11-19T16:44:48.615327-0600 - INFO - RUN_20251119_164442 - check_path - La ruta es un directorio, procediendo a checar hashes de carpeta...
2025-11-19T16:44:48.616030-0600 - INFO - RUN_20251119_164442 - existing_hashes - Existe registro previo de hashes, verificando...
2025-11-19T16:44:49.171405-0600 - INFO - RUN_20251119_164442 - comparing_hashes - Comparando hashes actuales con los almacenados...
2025-11-19T16:51:59.493892-0600 - INFO - RUN_20251119_165159 - startup - Script iniciado correctamente, procediendo a solicitar ruta al usuario...
2025-11-19T16:52:00.635464-0600 - INFO - RUN_20251119_165159 - check_path - La ruta es un directorio, procediendo a checar hashes de carpeta...
2025-11-19T16:52:00.635894-0600 - INFO - RUN_20251119_165159 - existing_hashes - Existe registro previo de hashes, verificando...
2025-11-19T16:52:01.128759-0600 - INFO - RUN_20251119_165159 - comparing_hashes - Comparando hashes actuales con los almacenados...
2025-11-19T16:52:01.130895-0600 - INFO - RUN_20251119_165159 - changes_detected - Cambios detectados, preguntando al usuario si desea actualizar...
2025-11-19T16:54:09.355800-0600 - INFO - RUN_20251119_165409 - startup - Script iniciado correctamente, procediendo a solicitar ruta al usuario...
2025-11-19T16:54:11.710907-0600 - INFO - RUN_20251119_165409 - check_path - La ruta es un directorio, procediendo a checar hashes de carpeta...
2025-11-19T16:54:11.711310-0600 - INFO - RUN_20251119_165409 - existing_hashes - Existe registro previo de hashes, verificando...
2025-11-19T16:54:12.235678-0600 - INFO - RUN_20251119_165409 - comparing_hashes - Comparando hashes actuales con los almacenados...
2025-11-19T16:54:12.238082-0600 - INFO - RUN_20251119_165409 - changes_detected - Cambios detectados, preguntando al usuario si desea actualizar...
2025-11-19T16:54:13.629282-0600 - INFO - RUN_20251119_165409 - hashes_updated - Hashes actualizados.
2025-11-19T16:54:47.235975-0600 - INFO - RUN_20251119_165447 - startup - Script iniciado correctamente, procediendo a solicitar ruta al usuario...
2025-11-19T16:54:50.866733-0600 - INFO - RUN_20251119_165447 - check_path - La ruta es un directorio, procediendo a checar hashes de carpeta...
2025-11-19T16:54:50.867369-0600 - INFO - RUN_20251119_165447 - existing_hashes - Existe registro previo de hashes, verificando...
2025-11-19T16:54:51.381754-0600 - INFO - RUN_20251119_165447 - comparing_hashes - Comparando hashes actuales con los almacenados...
2025-11-19T16:54:51.382973-0600 - INFO - RUN_20251119_165447 - no_changes_detected - Cambios no detectados, notificando al usuario.
2025-11-19T16:56:51.670446-0600 - INFO - RUN_20251119_165651 - startup - Script iniciado correctamente, procediendo a solicitar ruta al usuario...
2025-11-19T16:56:52.871579-0600 - INFO - RUN_20251119_165651 - check_path - La ruta es un directorio, procediendo a checar hashes de carpeta...
2025-11-19T16:56:52.872169-0600 - INFO - RUN_20251119_165651 - existing_hashes - Existe registro previo de hashes, verificando...
2025-11-19T16:56:53.371438-0600 - INFO - RUN_20251119_165651 - comparing_hashes - Comparando hashes actuales con los almacenados...
2025-11-19T16:56:53.373046-0600 - INFO - RUN_20251119_165651 - no_changes_detected - Cambios no detectados, notificando al usuario.
2025-11-19T16:59:51.140577-0600 - INFO - RUN_20251119_165951 - startup - Script iniciado correctamente, procediendo a solicitar ruta al usuario...
2025-11-19T16:59:52.830008-0600 - INFO - RUN_20251119_165951 - check_path - La ruta es un directorio, procediendo a checar hashes de carpeta...
2025-11-19T16:59:52.830433-0600 - INFO - RUN_20251119_165951 - existing_hashes - Existe registro previo de hashes, verificando...
2025-11-19T16:59:53.329536-0600 - INFO - RUN_20251119_165951 - comparing_hashes - Comparando hashes actuales con los almacenados...
2025-11-19T16:59:53.331207-0600 - INFO - RUN_20251119_165951 - no_changes_detected - Cambios no detectados, notificando al usuario.
2025-11-19T17:01:09.136725-0600 - INFO - RUN_20251119_170109 - startup - Script iniciado correctamente, procediendo a solicitar ruta al usuario...
2025-11-19T17:01:10.050519-0600 - INFO - RUN_20251119_170109 - check_path - La ruta es un directorio, procediendo a checar hashes de carpeta...
2025-11-19T17:01:10.050884-0600 - INFO - RUN_20251119_170109 - existing_hashes - Existe registro previo de hashes, verificando...
2025-11-19T17:01:10.522289-0600 - INFO - RUN_20251119_170109 - comparing_hashes - Comparando hashes actuales con los almacenados...
2025-11-19T17:01:10.524990-0600 - INFO - RUN_20251119_170109 - changes_detected - Cambios detectados, preguntando al usuario si desea actualizar...
2025-11-19T17:01:14.358719-0600 - INFO - RUN_20251119_170109 - hashes_updated - Hashes actualizados.
2025-11-19T17:02:22.084331-0600 - INFO - RUN_20251119_170222 - startup - Script iniciado correctamente, procediendo a solicitar ruta al usuario...
2025-11-19T17:02:24.063872-0600 - INFO - RUN_20251119_170222 - check_path - La ruta es un directorio, procediendo a checar hashes de carpeta...
2025-11-19T17:02:24.064286-0600 - INFO - RUN_20251119_170222 - existing_hashes - Existe registro previo de hashes, verificando...
2025-11-19T17:02:24.537050-0600 - INFO - RUN_20251119_170222 - comparing_hashes - Comparando hashes actuales con los almacenados...
2025-11-19T17:02:24.548586-0600 - INFO - RUN_20251119_170222 - changes_detected - Cambios detectados, preguntando al usuario si desea actualizar...
2025-11-19T17:02:26.312478-0600 - INFO - RUN_20251119_170222 - hashes_not_updated - El usuario decidió no actualizar los hashes.
2025-11-25T18:36:24.006077-0600 - INFO - RUN_20251125_183624 - startup - Script iniciado.
2025-11-25T18:36:24.667484-0600 - INFO - RUN_20251125_183624 - first_run - No hay registro previo. Creando base de datos inicial.
2025-11-25T18:36:24.668363-0600 - INFO - RUN_20251125_183624 - hashes_created - Registro creado exitosamente.
2025-11-25T18:37:55.076303-0600 - INFO - RUN_20251125_183755 - startup - Script iniciado.
2025-11-25T18:37:55.689818-0600 - INFO - RUN_20251125_183755 - first_run - No hay registro previo. Creando base de datos inicial.
2025-11-25T18:37:55.690789-0600 - INFO - RUN_20251125_183755 - hashes_created - Registro creado exitosamente.
2025-11-25T18:38:28.669964-0600 - INFO - RUN_20251125_183828 - startup - Script iniciado.
2025-11-25T18:38:29.297259-0600 - INFO - RUN_20251125_183828 - no_changes - Verificación completada sin cambios.
2025-11-25T18:39:27.697366-0600 - INFO - RUN_20251125_183927 - startup - Script iniciado.
2025-11-25T18:39:28.308493-0600 - INFO - RUN_20251125_183927 - no_changes - Verificación completada sin cambios.
2025-11-25T18:42:16.392590-0600 - INFO - RUN_20251125_184216 - startup - Script iniciado.
2025-11-25T18:42:17.036562-0600 - INFO - RUN_20251125_184216 - no_changes - Verificación completada sin cambios.
2025-11-25T21:18:03.202869-0600 - INFO - RUN_20251125_211803 - startup - Script iniciado.
2025-11-25T21:18:04.059904-0600 - INFO - RUN_20251125_211803 - no_changes - Verificación completada sin cambios.
2025-11-25T21:19:31.257103-0600 - INFO - RUN_20251125_211931 - startup - Script iniciado.
2025-11-25T21:19:31.999435-0600 - INFO - RUN_20251125_211931 - first_run - No hay registro previo. Creando base de datos inicial.
2025-11-25T21:19:32.000873-0600 - INFO - RUN_20251125_211931 - hashes_created - Registro creado exitosamente.
2025-11-25T21:21:38.975453-0600 - INFO - RUN_20251125_212138 - startup - Script iniciado.
2025-11-25T21:21:39.664136-0600 - INFO - RUN_20251125_212138 - changes_detected - Cambios encontrados. Reporte: cambios_ORIGINALES_20251125_212138.txt
2025-11-25T21:22:23.263521-0600 - INFO - RUN_20251125_212223 - startup - Script iniciado.
2025-11-25T21:22:23.837388-0600 - INFO - RUN_20251125_212223 - changes_detected - Cambios encontrados. Reporte: cambios_ORIGINALES_20251125_212223.txt
2025-11-25T22:29:24.885714-0600 - INFO - RUN_20251125_222924 - startup - Script iniciado.
2025-11-25T22:29:25.534436-0600 - INFO - RUN_20251125_222924 - changes_detected - Cambios encontrados. Reporte: cambios_ORIGINALES_20251125_222924.txt
2025-11-25T23:19:28.516438-0600 - INFO - RUN_20251125_231928 - startup - Script iniciado.
2025-11-25T23:19:29.184150-0600 - INFO - RUN_20251125_231928 - changes_detected - Cambios encontrados. Reporte: cambios_ORIGINALES_20251125_231928.txt
