2025-11-09 14:00:25,302 - INFO - Pidiendo ruta al usuario...
2025-11-09 14:00:42,087 - DEBUG - Ruta proporcionada: C:\Users\simon\Cosas_trabajos\PIA
2025-11-09 14:00:42,088 - DEBUG - Ruta modificada: C:\Users\simon\Cosas_trabajos\PIA
2025-11-09 14:01:25,209 - INFO - Pidiendo ruta al usuario...
2025-11-09 14:01:37,795 - DEBUG - Ruta proporcionada: C:\Users\simon\Cosas_trabajos\PIA
2025-11-09 14:01:37,796 - INFO - No existe registro previo de hashes, creando...
2025-11-09 14:02:23,424 - INFO - Pidiendo ruta al usuario...
2025-11-09 14:02:28,423 - DEBUG - Ruta proporcionada: C:\Users\simon\Cosas_trabajos\PIA
2025-11-09 14:02:28,425 - INFO - No existe registro previo de hashes, creando...
2025-11-09 14:12:12,021 - INFO - Pidiendo ruta al usuario...
2025-11-09 14:12:12,745 - DEBUG - Ruta proporcionada: C:\Users\simon\Cosas_trabajos\PIA
2025-11-09 14:12:12,746 - INFO - No existe registro previo de hashes, creando...
2025-11-09 14:12:12,746 - ERROR - Error inesperado al intentar ejecutar PowerShell: expected str, bytes or os.PathLike object, not bool
2025-11-09 15:16:31,273 - INFO - Pidiendo ruta al usuario...
2025-11-09 15:16:37,143 - DEBUG - Ruta proporcionada: C:\Users\simon\Cosas_trabajos\PIA
2025-11-09 15:16:37,144 - INFO - No existe registro previo de hashes, creando...
2025-11-09 15:16:37,584 - ERROR - Error al ejecutar PowerShell: C:\Users\simon\cosas_trabajos\PIA\sacar_hashes.ps1 : Cannot process argument transformation on parameter 'guardar'. 
Cannot convert value "System.String" to type "System.Boolean". Boolean parameters accept only Boolean values and 
numbers, such as $True, $False, 1 or 0.
    + CategoryInfo          : InvalidData: (:) [sacar_hashes.ps1], ParentContainsErrorRecordException
    + FullyQualifiedErrorId : ParameterArgumentTransformationError,sacar_hashes.ps1
 

2025-11-09 15:17:18,361 - INFO - Pidiendo ruta al usuario...
2025-11-09 15:17:20,538 - DEBUG - Ruta proporcionada: C:\Users\simon\Cosas_trabajos\noticias_fcfm
2025-11-09 15:17:20,538 - INFO - No existe registro previo de hashes, creando...
2025-11-09 15:17:20,820 - ERROR - Error al ejecutar PowerShell: C:\Users\simon\cosas_trabajos\PIA\sacar_hashes.ps1 : Cannot process argument transformation on parameter 'guardar'. 
Cannot convert value "System.String" to type "System.Boolean". Boolean parameters accept only Boolean values and 
numbers, such as $True, $False, 1 or 0.
    + CategoryInfo          : InvalidData: (:) [sacar_hashes.ps1], ParentContainsErrorRecordException
    + FullyQualifiedErrorId : ParameterArgumentTransformationError,sacar_hashes.ps1
 

2025-11-09 15:20:49,404 - INFO - Pidiendo ruta al usuario...
2025-11-09 15:20:50,956 - DEBUG - Ruta proporcionada: C:\Users\simon\Cosas_trabajos\noticias_fcfm
2025-11-09 15:20:50,957 - INFO - No existe registro previo de hashes, creando...
2025-11-09 15:20:50,957 - ERROR - Error inesperado al intentar ejecutar PowerShell: expected str, bytes or os.PathLike object, not int
2025-11-09 15:22:25,124 - INFO - Pidiendo ruta al usuario...
2025-11-09 15:22:25,928 - DEBUG - Ruta proporcionada: C:\Users\simon\Cosas_trabajos\noticias_fcfm
2025-11-09 15:22:25,928 - INFO - No existe registro previo de hashes, creando...
2025-11-09 15:22:26,218 - ERROR - Error al ejecutar PowerShell:
C:\Users\simon\cosas_trabajos\PIA\sacar_hashes.ps1 : Cannot process argument transformation on parameter 'guardar'. 
Cannot convert value "System.String" to type "System.Boolean". Boolean parameters accept only Boolean values and 
numbers, such as $True, $False, 1 or 0.
    + CategoryInfo          : InvalidData: (:) [sacar_hashes.ps1], ParentContainsErrorRecordException
    + FullyQualifiedErrorId : ParameterArgumentTransformationError,sacar_hashes.ps1
 

2025-11-09 15:31:59,069 - INFO - Pidiendo ruta al usuario...
2025-11-09 15:32:02,011 - DEBUG - Ruta proporcionada: C:\Users\simon\Cosas_trabajos\noticias_fcfm
2025-11-09 15:32:02,012 - INFO - No existe registro previo de hashes, creando...
2025-11-09 15:32:02,396 - ERROR - Error al ejecutar PowerShell:
C:\Users\simon\cosas_trabajos\PIA\sacar_hashes.ps1 : El parametro 'archivo' no es un archivo v lido
    + CategoryInfo          : InvalidArgument: (:) [Write-Error], WriteErrorException
    + FullyQualifiedErrorId : Microsoft.PowerShell.Commands.WriteErrorException,sacar_hashes.ps1
 

2025-11-09 15:33:57,030 - INFO - Pidiendo ruta al usuario...
2025-11-09 15:33:58,995 - DEBUG - Ruta proporcionada: C:\Users\simon\Cosas_trabajos\noticias_fcfm
2025-11-09 15:33:58,995 - INFO - No existe registro previo de hashes, creando...
2025-11-09 15:33:59,347 - ERROR - Error al ejecutar PowerShell:
C:\Users\simon\cosas_trabajos\PIA\sacar_hashes.ps1 : El parametro 'archivo' no es un archivo v lido
    + CategoryInfo          : InvalidArgument: (:) [Write-Error], WriteErrorException
    + FullyQualifiedErrorId : Microsoft.PowerShell.Commands.WriteErrorException,sacar_hashes.ps1
 

2025-11-09 15:34:59,977 - INFO - Pidiendo ruta al usuario...
2025-11-09 15:35:00,872 - DEBUG - Ruta proporcionada: C:\Users\simon\Cosas_trabajos\noticias_fcfm
2025-11-09 15:35:00,873 - INFO - No existe registro previo de hashes, creando...
2025-11-09 15:35:00,873 - DEBUG - Ejecutando PowerShell con ruta: C:\Users\simon\Cosas_trabajos\noticias_fcfm, guardar: True, archivo: None
2025-11-09 15:35:01,218 - ERROR - Error al ejecutar PowerShell:
C:\Users\simon\cosas_trabajos\PIA\sacar_hashes.ps1 : El parametro 'archivo' no es un archivo v lido
    + CategoryInfo          : InvalidArgument: (:) [Write-Error], WriteErrorException
    + FullyQualifiedErrorId : Microsoft.PowerShell.Commands.WriteErrorException,sacar_hashes.ps1
 

2025-11-09 15:37:19,467 - INFO - Pidiendo ruta al usuario...
2025-11-09 15:37:20,053 - DEBUG - Ruta proporcionada: C:\Users\simon\Cosas_trabajos\noticias_fcfm
2025-11-09 15:37:20,054 - INFO - No existe registro previo de hashes, creando...
2025-11-09 15:37:20,054 - DEBUG - Ejecutando PowerShell con ruta: C:\Users\simon\Cosas_trabajos\noticias_fcfm, guardar: True, archivo: C:\Users\simon\cosas_trabajos\PIA\hashes\hashes_noticias_fcfm.json
2025-11-09 15:37:20,498 - ERROR - Error al ejecutar PowerShell:
C:\Users\simon\cosas_trabajos\PIA\sacar_hashes.ps1 : El parametro 'archivo' no es un archivo v lido
    + CategoryInfo          : InvalidArgument: (:) [Write-Error], WriteErrorException
    + FullyQualifiedErrorId : Microsoft.PowerShell.Commands.WriteErrorException,sacar_hashes.ps1
 

2025-11-09 15:42:17,714 - INFO - Pidiendo ruta al usuario...
2025-11-09 15:42:18,708 - DEBUG - Ruta proporcionada: C:\Users\simon\Cosas_trabajos\noticias_fcfm
2025-11-09 15:42:18,709 - INFO - No existe registro previo de hashes, creando...
2025-11-09 15:42:18,709 - DEBUG - Ejecutando PowerShell con ruta: C:\Users\simon\Cosas_trabajos\noticias_fcfm, guardar: True, archivo: C:\Users\simon\cosas_trabajos\PIA\hashes\hashes_noticias_fcfm.json
2025-11-09 15:42:19,159 - INFO - Hashes creados
2025-11-09 15:44:16,009 - INFO - Pidiendo ruta al usuario...
2025-11-09 15:44:17,290 - DEBUG - Ruta proporcionada: C:\Users\simon\Cosas_trabajos\noticias_fcfm
2025-11-09 15:44:17,291 - INFO - No existe registro previo de hashes, creando...
2025-11-09 15:44:17,291 - DEBUG - Ejecutando PowerShell con ruta: C:\Users\simon\Cosas_trabajos\noticias_fcfm, guardar: True, archivo: C:\Users\simon\cosas_trabajos\PIA\hashes\hashes_noticias_fcfm.json
2025-11-09 15:44:17,696 - INFO - Hashes creados
2025-11-09 15:45:11,307 - INFO - Pidiendo ruta al usuario...
2025-11-09 15:45:29,248 - DEBUG - Ruta proporcionada: C:\Users\simon\Cosas_trabajos\PIA\hashes\lista_hashes.json
2025-11-09 15:45:59,233 - INFO - Pidiendo ruta al usuario...
2025-11-09 15:46:01,769 - DEBUG - Ruta proporcionada: C:\Users\simon\Cosas_trabajos\PIA
2025-11-09 15:46:01,770 - INFO - No existe registro previo de hashes, creando...
2025-11-09 15:46:01,770 - DEBUG - Ejecutando PowerShell con ruta: C:\Users\simon\Cosas_trabajos\PIA, guardar: True, archivo: C:\Users\simon\cosas_trabajos\PIA\hashes\hashes_PIA.json
2025-11-09 15:46:02,257 - INFO - Hashes creados
2025-11-09 15:46:41,432 - INFO - Pidiendo ruta al usuario...
2025-11-09 15:46:42,934 - DEBUG - Ruta proporcionada: C:\Users\simon\Cosas_trabajos\PIA
2025-11-09 15:46:42,934 - INFO - Existe registro previo de hashes, verificando...
2025-11-09 15:46:42,934 - DEBUG - Ejecutando PowerShell con ruta: C:\Users\simon\Cosas_trabajos\PIA, guardar: False, archivo: None
2025-11-09 15:46:42,935 - ERROR - Error inesperado al intentar ejecutar PowerShell: expected str, bytes or os.PathLike object, not NoneType
2025-11-09 15:46:47,981 - INFO - Pidiendo ruta al usuario...
2025-11-09 15:46:48,688 - DEBUG - Ruta proporcionada: C:\Users\simon\Cosas_trabajos\PIA
2025-11-09 15:46:48,689 - INFO - Existe registro previo de hashes, verificando...
2025-11-09 15:46:48,689 - DEBUG - Ejecutando PowerShell con ruta: C:\Users\simon\Cosas_trabajos\PIA, guardar: False, archivo: None
2025-11-09 15:46:48,689 - ERROR - Error inesperado al intentar ejecutar PowerShell: expected str, bytes or os.PathLike object, not NoneType
2025-11-09 16:08:47,839 - INFO - Pidiendo ruta al usuario...
2025-11-09 16:08:54,634 - DEBUG - Ruta proporcionada: C:\Users\simon\Cosas_trabajos\PIA\hashes\lista_hashes.json
2025-11-09 16:08:54,634 - INFO - No existe registro previo de hashes, creando...
2025-11-09 16:08:54,634 - DEBUG - Ejecutando PowerShell con ruta: C:\Users\simon\Cosas_trabajos\PIA\hashes\lista_hashes.json, guardar: True, archivo: C:\Users\simon\cosas_trabajos\PIA\hashes\lista_hashes.json
2025-11-09 16:08:54,905 - INFO - Hashes creados
2025-11-09 16:10:23,928 - INFO - Pidiendo ruta al usuario...
2025-11-09 16:10:32,812 - DEBUG - Ruta proporcionada: C:\Users\simon\Cosas_trabajos\PIA\pruebas.py
2025-11-09 16:10:32,813 - INFO - No existe registro previo de hashes, creando...
2025-11-09 16:10:32,813 - DEBUG - Ejecutando PowerShell con ruta: C:\Users\simon\Cosas_trabajos\PIA\pruebas.py, guardar: True, archivo: C:\Users\simon\cosas_trabajos\PIA\hashes\lista_hashes.json
2025-11-09 16:10:33,062 - INFO - Hashes creados
2025-11-09 16:10:56,162 - INFO - Pidiendo ruta al usuario...
2025-11-09 16:10:57,241 - DEBUG - Ruta proporcionada: C:\Users\simon\Cosas_trabajos\PIA\pruebas.py
2025-11-09 16:10:57,241 - INFO - Existe registro previo de hashes, verificando...
2025-11-09 16:10:57,241 - DEBUG - Ejecutando PowerShell con ruta: C:\Users\simon\Cosas_trabajos\PIA\pruebas.py, guardar: False, archivo: None
2025-11-09 16:10:57,241 - ERROR - Error inesperado al intentar ejecutar PowerShell: expected str, bytes or os.PathLike object, not NoneType
2025-11-09 16:12:31,411 - INFO - Pidiendo ruta al usuario...
2025-11-09 16:12:32,218 - DEBUG - Ruta proporcionada: C:\Users\simon\Cosas_trabajos\PIA\pruebas.py
2025-11-09 16:12:32,219 - INFO - Existe registro previo de hashes, verificando...
2025-11-09 16:12:32,219 - DEBUG - Ejecutando PowerShell con ruta: C:\Users\simon\Cosas_trabajos\PIA\pruebas.py, guardar: False, archivo: None
2025-11-09 16:12:32,447 - INFO - El archivo no ha sufrido cambios.
2025-11-09 16:13:06,430 - INFO - Pidiendo ruta al usuario...
2025-11-09 16:13:08,013 - DEBUG - Ruta proporcionada: C:\Users\simon\Cosas_trabajos\PIA\pruebas.py
2025-11-09 16:13:08,013 - INFO - Existe registro previo de hashes, verificando...
2025-11-09 16:13:08,013 - DEBUG - Ejecutando PowerShell con ruta: C:\Users\simon\Cosas_trabajos\PIA\pruebas.py, guardar: False, archivo: None
2025-11-09 16:13:08,237 - INFO - El archivo ha sido modificado.
2025-11-09 16:13:08,238 - DEBUG - Se ha reportado el cambio en C:\Users\simon\cosas_trabajos\PIA\cambios_hash_20251109_161308.txt
2025-11-09 16:13:08,238 - INFO - Cambios detectados, preguntando al usuario si desea actualizar...
2025-11-09 16:13:10,427 - INFO - Hash actualizado.
2025-11-09 16:13:10,427 - INFO - Hashes actualizados.
2025-11-09 16:14:18,758 - INFO - Pidiendo ruta al usuario...
2025-11-09 16:14:21,518 - DEBUG - Ruta proporcionada: C:\Users\simon\Cosas_trabajos\PIA\pruebas.py
2025-11-09 16:17:53,034 - INFO - Pidiendo ruta al usuario...
2025-11-09 16:18:48,545 - DEBUG - Ruta proporcionada: C:\Users\simon\Cosas_trabajos\PIA\pruebas.py
2025-11-09 16:18:48,546 - INFO - No existe registro previo de hashes, creando...
2025-11-09 16:18:48,546 - DEBUG - Ejecutando PowerShell con ruta: C:\Users\simon\Cosas_trabajos\PIA\pruebas.py, guardar: True, archivo: C:\Users\simon\cosas_trabajos\PIA\hashes\lista_hashes.json
2025-11-09 16:18:48,809 - INFO - Hashes creados
2025-11-09 16:19:17,402 - INFO - Pidiendo ruta al usuario...
2025-11-09 16:19:18,578 - DEBUG - Ruta proporcionada: C:\Users\simon\Cosas_trabajos\PIA\pruebas.py
2025-11-09 16:19:18,579 - INFO - Existe registro previo de hashes, verificando...
2025-11-09 16:19:18,579 - DEBUG - Ejecutando PowerShell con ruta: C:\Users\simon\Cosas_trabajos\PIA\pruebas.py, guardar: False, archivo: None
2025-11-09 16:19:18,807 - INFO - El archivo ha sido modificado.
2025-11-09 16:19:18,807 - DEBUG - Se ha reportado el cambio en C:\Users\simon\cosas_trabajos\PIA\cambios_hash_20251109_161918.txt
2025-11-09 16:19:18,807 - INFO - Cambios detectados, preguntando al usuario si desea actualizar...
2025-11-09 16:19:20,719 - INFO - Hash actualizado.
2025-11-09 16:19:20,720 - INFO - Hashes actualizados.
2025-11-09 16:20:09,760 - INFO - Pidiendo ruta al usuario...
2025-11-09 16:20:10,236 - DEBUG - Ruta proporcionada: s
2025-11-09 16:20:10,236 - ERROR - La ruta proporcionada no existe.
2025-11-09 16:20:14,119 - INFO - Pidiendo ruta al usuario...
2025-11-09 16:20:17,559 - DEBUG - Ruta proporcionada: C:\Users\simon\Cosas_trabajos\PIA\pruebas.py
2025-11-09 16:20:17,560 - INFO - Existe registro previo de hashes, verificando...
2025-11-09 16:20:17,560 - DEBUG - Ejecutando PowerShell con ruta: C:\Users\simon\Cosas_trabajos\PIA\pruebas.py, guardar: False, archivo: None
2025-11-09 16:20:17,785 - INFO - El archivo ha sido modificado.
2025-11-09 16:20:17,786 - DEBUG - Se ha reportado el cambio en C:\Users\simon\cosas_trabajos\PIA\cambios_hash_20251109_162017.txt
2025-11-09 16:20:17,786 - INFO - Cambios detectados, preguntando al usuario si desea actualizar...
2025-11-09 16:20:20,206 - INFO - Hash actualizado.
2025-11-09 16:20:20,207 - INFO - Hashes actualizados.
2025-11-09 16:42:09,572 - INFO - Pidiendo ruta al usuario...
2025-11-09 16:42:13,791 - DEBUG - Ruta proporcionada: C:\Users\simon\Cosas_trabajos\PIA\pruebas.py
2025-11-09 16:42:13,792 - INFO - Existe registro previo de hashes, verificando...
2025-11-09 16:42:13,792 - DEBUG - Ejecutando PowerShell con ruta: C:\Users\simon\Cosas_trabajos\PIA\pruebas.py, guardar: False, archivo: None
2025-11-09 16:42:14,017 - INFO - El archivo ha sido modificado.
2025-11-09 16:42:14,018 - DEBUG - Se ha reportado el cambio en C:\Users\simon\cosas_trabajos\PIA\cambios_hash_20251109_164214.txt
2025-11-09 16:42:14,018 - INFO - Cambios detectados, preguntando al usuario si desea actualizar...
2025-11-09 16:42:22,016 - INFO - Hash actualizado.
2025-11-09 16:42:22,017 - INFO - Hashes actualizados.
2025-11-09 16:50:40,694 - INFO - Pidiendo ruta al usuario...
2025-11-09 16:50:43,822 - DEBUG - Ruta proporcionada: C:\Users\simon\Cosas_trabajos\PIA\pruebas.py
2025-11-09 16:50:43,831 - INFO - Existe registro previo de hashes, verificando...
2025-11-09 16:50:43,831 - DEBUG - Ejecutando PowerShell con ruta: C:\Users\simon\Cosas_trabajos\PIA\pruebas.py, guardar: False, archivo: None
2025-11-09 16:50:44,067 - INFO - El archivo ha sido modificado.
2025-11-09 16:50:44,067 - DEBUG - Se ha reportado el cambio en C:\Users\simon\cosas_trabajos\PIA\cambios_hash_20251109_165044.txt
2025-11-09 16:50:44,068 - INFO - Cambios detectados, preguntando al usuario si desea actualizar...
2025-11-09 16:50:50,863 - INFO - Hash actualizado.
2025-11-09 16:50:50,864 - INFO - Hashes actualizados.
2025-11-09 16:58:11,498 - INFO - Pidiendo ruta al usuario...
2025-11-09 16:58:13,380 - INFO - Existe registro previo de hashes, verificando...
2025-11-09 16:58:13,608 - INFO - El archivo ha sido modificado.
2025-11-09 16:58:13,609 - INFO - Cambios detectados, preguntando al usuario si desea actualizar...
2025-11-09 17:00:24,857 - INFO - Pidiendo ruta al usuario...
2025-11-09 17:00:26,209 - INFO - Existe registro previo de hashes, verificando...
2025-11-09 17:00:26,438 - INFO - El archivo ha sido modificado.
2025-11-09 17:00:26,439 - INFO - Cambios detectados, preguntando al usuario si desea actualizar...
2025-11-09 17:00:29,428 - INFO - El usuario decidió no actualizar los hashes.
